2025-03-26 14:41:45,825 - INFO - AFC is enabled with max remote calls: 10.
2025-03-26 14:41:46,922 - INFO - AFC remote call 1 is done.
2025-03-26 14:41:46,923 - WARNING - No PDF links found.
2025-03-26 14:42:47,157 - INFO - AFC is enabled with max remote calls: 10.
2025-03-26 14:42:48,382 - INFO - AFC remote call 1 is done.
2025-03-26 14:42:48,383 - WARNING - No PDF links found.
2025-03-26 14:43:59,705 - INFO - AFC is enabled with max remote calls: 10.
2025-03-26 14:44:03,491 - INFO - AFC remote call 1 is done.
2025-03-26 14:44:05,297 - INFO - Found PDF: https://www.isechealthcare.com/wp-content/uploads/2024/03/ISEC_Sustainability-Report-2023.pdf
2025-03-26 14:44:05,808 - INFO - Found PDF: https://www.isechealthcare.com/wp-content/uploads/2024/03/ISEC_Sustainability-Report-2023.pdf
2025-03-26 14:44:07,362 - INFO - Found PDF: https://links.sgx.com/1.0.0/corporate-announcements/7JT4X68L7SIJF167/753706_Sustainability%20Report%202022.pdf
2025-03-26 14:44:08,948 - INFO - Found PDF: https://links.sgx.com/1.0.0/corporate-announcements/XQQ0GU91BPFVLZAU/793513_ISEC_Sustainability%20Report%202023.pdf
2025-03-26 14:44:10,503 - INFO - Found PDF: https://hj.diva-portal.org/smash/get/diva2:1865763/FULLTEXT01.pdf
2025-03-26 14:44:11,901 - INFO - Found PDF: https://hj.diva-portal.org/smash/get/diva2:1865763/FULLTEXT01.pdf
2025-03-26 14:44:13,461 - INFO - Found PDF: https://www1.hkexnews.hk/listedco/listconews/sehk/2023/0328/2023032801987.pdf
2025-03-26 14:44:14,920 - INFO - Found PDF: https://cargroup.com/wp-content/uploads/2024/08/CAR-Group-FY24-Sustainability-Report.pdf
2025-03-26 14:44:16,336 - INFO - Found PDF: https://www.researchgate.net/profile/Mark_Camilleri/publication/314122455_Corporate_Sustainability_Social_Responsibility_and_Environmental_Management/links/5c6bc326a6fdcc404ebb10b6/Corporate-Sustainability-Social-Responsibility-and-Environmental-Management.pdf
2025-03-26 14:44:18,201 - INFO - Found PDF: https://www.responsibilityreports.com/HostedData/ResponsibilityReports/PDF/NYSE_KBR_2022.pdf
2025-03-26 14:44:20,530 - INFO - Found PDF: https://www.responsibilityreports.com/HostedData/ResponsibilityReports/PDF/NYSE_KBR_2022.pdf
2025-03-26 14:44:22,735 - INFO - Found PDF: https://s23.q4cdn.com/238351756/files/doc_downloads/2022/Sustainabilty-and-Corporate-Responsibility-Report_2021-(1).pdf
2025-03-26 14:44:24,714 - INFO - Found PDF: https://www.lw.com/admin/upload/SiteAttachments/ESG-Insights-10-Things-That-Should-Be-Top-of-Mind-in-2024.pdf
2025-03-26 14:44:26,772 - INFO - Found PDF: https://www.pwc.com/kz/en/publications/new_publication_assets/esg-trends-in-2023-eng.pdf
2025-03-26 14:44:28,865 - INFO - Found PDF: https://www.mckinsey.com/spcontent/bespoke/esg-2023-sean/pdfs/esg-report-2022-aw6-v12-final.pdf
2025-03-26 14:44:30,966 - INFO - Found PDF: https://www.prudentialplc.com/~/media/Files/P/Prudential-V13/reports/2021/esg-report-2021.pdf
2025-03-26 14:44:33,094 - INFO - Found PDF: https://www.pwc.com/gx/en/asia-pacific/esg/sustainability-counts/sustainability-counts-2024.pdf
2025-03-26 14:44:34,311 - INFO - Found PDF: https://www.dfiretailgroup.com/media/b1scpcht/esg-report-2023.pdf
2025-03-26 14:44:36,302 - INFO - Found PDF: https://sustainablefinancealliance.org/wp-content/uploads/2024/06/GRASFI_2024_paper_44.pdf
2025-03-26 14:44:38,552 - INFO - Found PDF: https://www.prudentialplc.com/~/media/Files/P/Prudential-V13/reports/2021/esg-report-2021.pdf
2025-03-26 14:44:40,634 - INFO - Found PDF: https://www.institutlouisbachelier.org/wp-content/uploads/2024/09/do-firms-care-about-esg-ratings-evidence-from-refinitivs-scoring-adjustment.pdf
2025-03-26 14:44:42,087 - INFO - Found PDF: https://www.capitaland.com/content/dam/capitaland-sites/international/about-capitaland/sustainability/sustainability-reports/CLI-Global-Sustainability-Report-2023.pdf
2025-03-26 14:44:44,086 - INFO - Found PDF: https://ink.library.smu.edu.sg/context/lkcsb_research/article/8358/viewcontent/SSRN_id4584361.pdf
2025-03-26 14:44:44,090 - INFO - Saved 23 PDF links to ../outputs/pdf_links.txt
2025-03-26 14:45:34,833 - INFO - AFC is enabled with max remote calls: 10.
2025-03-26 14:45:35,627 - INFO - AFC remote call 1 is done.
2025-03-26 14:45:35,628 - WARNING - No PDF links found.
2025-03-26 14:46:54,698 - INFO - AFC is enabled with max remote calls: 10.
2025-03-26 14:46:55,396 - INFO - AFC remote call 1 is done.
2025-03-26 14:46:55,397 - WARNING - No PDF links found.
2025-03-26 14:50:33,702 - INFO - AFC is enabled with max remote calls: 10.
2025-03-26 14:50:34,459 - INFO - AFC remote call 1 is done.
2025-03-26 14:50:34,460 - WARNING - No PDF links found.
2025-03-26 14:54:32,689 - INFO - AFC is enabled with max remote calls: 10.
2025-03-26 14:54:33,477 - INFO - AFC remote call 1 is done.
2025-03-26 14:54:33,479 - WARNING - No PDF links found.
2025-03-26 14:59:41,026 - INFO - AFC is enabled with max remote calls: 10.
2025-03-26 14:59:41,854 - INFO - AFC remote call 1 is done.
2025-03-26 14:59:41,855 - WARNING - No PDF links found.
